2024-12-15 18:38:10,136 - INFO - Program başlatıldı.
2024-12-15 18:38:39,532 - INFO - Program başlatıldı.
2024-12-15 19:33:10,183 - INFO - Hesap 1 için işlemler başlatılıyor...
2024-12-15 19:33:10,188 - INFO - file_cache is only supported with oauth2client<4.0.0
2024-12-15 19:33:11,532 - INFO - E-posta indirildi: assets\193c4cd7a4278c88.eml
2024-12-15 19:33:11,776 - INFO - E-posta indirildi: assets\193c4cd337dcec9a.eml
2024-12-15 19:33:12,038 - INFO - E-posta indirildi: assets\193c4cbd31a0003e.eml
2024-12-15 19:33:12,038 - INFO - Hesap 2 için işlemler başlatılıyor...
2024-12-15 19:33:12,040 - INFO - file_cache is only supported with oauth2client<4.0.0
2024-12-15 19:33:12,960 - INFO - E-posta indirildi: assets\193c6f5c6f04e1b9.eml
2024-12-15 19:33:13,088 - INFO - E-posta indirildi: assets\19391c0ad51f0b91.eml
2024-12-15 19:33:13,210 - INFO - E-posta indirildi: assets\1938d218ce01e886.eml
2024-12-15 19:34:09,628 - INFO - Hesap 1 için işlemler başlatılıyor...
2024-12-15 19:34:09,633 - INFO - file_cache is only supported with oauth2client<4.0.0
2024-12-15 19:34:10,820 - INFO - E-posta indirildi: assets\193c4cd7a4278c88.eml
2024-12-15 19:34:11,074 - INFO - E-posta indirildi: assets\193c4cd337dcec9a.eml
2024-12-15 19:34:11,332 - INFO - E-posta indirildi: assets\193c4cbd31a0003e.eml
2024-12-15 19:34:11,332 - INFO - Hesap 2 için işlemler başlatılıyor...
2024-12-15 19:34:11,334 - INFO - file_cache is only supported with oauth2client<4.0.0
2024-12-15 19:34:12,220 - INFO - E-posta indirildi: assets\193c6f5c6f04e1b9.eml
2024-12-15 19:34:12,354 - INFO - E-posta indirildi: assets\19391c0ad51f0b91.eml
2024-12-15 19:34:12,484 - INFO - E-posta indirildi: assets\1938d218ce01e886.eml
2024-12-15 19:37:19,829 - INFO - Hesap 1 için işlemler başlatılıyor...
2024-12-15 19:37:21,229 - INFO - E-posta indirildi: assets\193c4cd7a4278c88.eml
2024-12-15 19:37:21,476 - INFO - E-posta indirildi: assets\193c4cd337dcec9a.eml
2024-12-15 19:37:21,739 - INFO - E-posta indirildi: assets\193c4cbd31a0003e.eml
2024-12-15 19:37:21,739 - INFO - Hesap 2 için işlemler başlatılıyor...
2024-12-15 19:37:22,640 - INFO - E-posta indirildi: assets\193c6f5c6f04e1b9.eml
2024-12-15 19:37:22,768 - INFO - E-posta indirildi: assets\19391c0ad51f0b91.eml
2024-12-15 19:37:22,978 - INFO - E-posta indirildi: assets\1938d218ce01e886.eml
2024-12-16 19:46:27,672 - INFO - Hesap 1 için işlemler başlatılıyor...
2024-12-16 19:46:49,854 - ERROR - Gönderilen e-postalar listelenirken bir hata oluştu: Unable to find the server at oauth2.googleapis.com
2024-12-16 19:46:49,857 - INFO - Hesap 1 için gönderilen kutusunda hiç e-posta bulunamadı.
2024-12-16 19:46:49,857 - INFO - Hesap 2 için işlemler başlatılıyor...
2024-12-16 19:47:10,813 - ERROR - Gönderilen e-postalar listelenirken bir hata oluştu: Unable to find the server at gmail.googleapis.com
2024-12-16 19:47:10,813 - INFO - Hesap 2 için gönderilen kutusunda hiç e-posta bulunamadı.
2024-12-16 19:48:35,450 - INFO - Hesap 1 için işlemler başlatılıyor...
2024-12-16 19:48:47,645 - ERROR - Gönderilen e-postalar listelenirken bir hata oluştu: Unable to find the server at gmail.googleapis.com
2024-12-16 19:48:47,645 - INFO - Hesap 1 için gönderilen kutusunda hiç e-posta bulunamadı.
2024-12-16 19:48:47,645 - INFO - Hesap 2 için işlemler başlatılıyor...
2024-12-16 19:48:59,650 - ERROR - Gönderilen e-postalar listelenirken bir hata oluştu: Unable to find the server at gmail.googleapis.com
2024-12-16 19:48:59,650 - INFO - Hesap 2 için gönderilen kutusunda hiç e-posta bulunamadı.
2024-12-16 19:49:42,856 - INFO - Hesap 1 için işlemler başlatılıyor...
2024-12-16 19:49:55,391 - ERROR - Gönderilen e-postalar listelenirken bir hata oluştu: Unable to find the server at gmail.googleapis.com
2024-12-16 19:49:55,391 - INFO - Hesap 1 için gönderilen kutusunda hiç e-posta bulunamadı.
2024-12-16 19:49:55,391 - INFO - Hesap 2 için işlemler başlatılıyor...
2024-12-16 19:50:07,437 - ERROR - Gönderilen e-postalar listelenirken bir hata oluştu: Unable to find the server at gmail.googleapis.com
2024-12-16 19:50:07,437 - INFO - Hesap 2 için gönderilen kutusunda hiç e-posta bulunamadı.
2024-12-16 19:52:14,206 - INFO - Hesap 1 için işlemler başlatılıyor...
2024-12-16 19:52:59,150 - ERROR - Gönderilen e-postalar listelenirken bir hata oluştu: Unable to find the server at gmail.googleapis.com
2024-12-16 19:52:59,150 - INFO - Hesap 1 için gönderilen kutusunda hiç e-posta bulunamadı.
2024-12-16 19:52:59,150 - INFO - Hesap 2 için işlemler başlatılıyor...
2024-12-16 19:53:10,757 - ERROR - Gönderilen e-postalar listelenirken bir hata oluştu: Unable to find the server at gmail.googleapis.com
2024-12-16 19:53:10,757 - INFO - Hesap 2 için gönderilen kutusunda hiç e-posta bulunamadı.
2024-12-16 20:06:44,624 - INFO - Hesap 1 için işlemler başlatılıyor...
2024-12-16 20:07:20,267 - ERROR - Gönderilen e-postalar listelenirken bir hata oluştu: Unable to find the server at gmail.googleapis.com
2024-12-16 20:07:20,267 - INFO - Hesap 1 için gönderilen kutusunda hiç e-posta bulunamadı.
2024-12-16 20:07:20,267 - INFO - Hesap 2 için işlemler başlatılıyor...
2024-12-16 20:07:33,081 - INFO - E-posta indirildi: assets\193c6f5c6f04e1b9.eml
2024-12-16 20:07:33,389 - INFO - E-posta indirildi: assets\19391c0ad51f0b91.eml
2024-12-16 20:07:33,783 - INFO - E-posta indirildi: assets\1938d218ce01e886.eml
2024-12-16 20:14:39,512 - INFO - Hesap 1 için işlemler başlatılıyor...
2024-12-16 20:14:52,904 - ERROR - Gönderilen e-postalar listelenirken bir hata oluştu: Unable to find the server at oauth2.googleapis.com
2024-12-16 20:14:52,904 - INFO - Hesap 1 için gönderilen kutusunda hiç e-posta bulunamadı.
2024-12-16 20:14:52,904 - INFO - Hesap 2 için işlemler başlatılıyor...
2024-12-16 20:15:21,285 - ERROR - Gönderilen e-postalar listelenirken bir hata oluştu: Unable to find the server at gmail.googleapis.com
2024-12-16 20:15:21,285 - INFO - Hesap 2 için gönderilen kutusunda hiç e-posta bulunamadı.
2024-12-16 20:19:49,021 - INFO - Hesap 1 için işlemler başlatılıyor...
2024-12-16 20:33:30,015 - INFO - Hesap 1 için işlemler başlatılıyor...
2024-12-16 20:33:43,427 - ERROR - Gönderilen e-postalar listelenirken bir hata oluştu: Unable to find the server at oauth2.googleapis.com
2024-12-16 20:33:43,427 - INFO - Hesap 1 için gönderilen kutusunda hiç e-posta bulunamadı.
2024-12-16 20:33:43,427 - INFO - Hesap 2 için işlemler başlatılıyor...
2024-12-16 20:33:54,804 - ERROR - Gönderilen e-postalar listelenirken bir hata oluştu: Unable to find the server at oauth2.googleapis.com
2024-12-16 20:33:54,804 - INFO - Hesap 2 için gönderilen kutusunda hiç e-posta bulunamadı.
2024-12-17 13:18:55,196 - INFO - Hesap 1 için işlemler başlatılıyor...
2024-12-17 13:19:21,625 - INFO - E-posta indirildi: assets\193c4cd7a4278c88.eml
2024-12-17 13:19:21,933 - INFO - E-posta indirildi: assets\193c4cd337dcec9a.eml
2024-12-17 13:19:22,244 - INFO - E-posta indirildi: assets\193c4cbd31a0003e.eml
2024-12-17 13:19:22,244 - INFO - Hesap 2 için işlemler başlatılıyor...
2024-12-17 13:19:23,374 - INFO - E-posta indirildi: assets\193c6f5c6f04e1b9.eml
2024-12-17 13:19:23,595 - INFO - E-posta indirildi: assets\19391c0ad51f0b91.eml
2024-12-17 13:19:23,802 - INFO - E-posta indirildi: assets\1938d218ce01e886.eml
2024-12-17 15:12:00,480 - INFO - Hesap 1 için işlemler başlatılıyor...
2024-12-17 15:12:04,117 - INFO - E-posta indirildi: assets\193c4cd7a4278c88.eml
2024-12-17 15:12:04,438 - INFO - E-posta indirildi: assets\193c4cd337dcec9a.eml
2024-12-17 15:12:04,961 - INFO - E-posta indirildi: assets\193c4cbd31a0003e.eml
2024-12-17 15:12:04,962 - INFO - Hesap 2 için işlemler başlatılıyor...
2024-12-17 15:12:06,186 - INFO - E-posta indirildi: assets\193c6f5c6f04e1b9.eml
2024-12-17 15:12:06,384 - INFO - E-posta indirildi: assets\19391c0ad51f0b91.eml
2024-12-17 15:12:06,562 - INFO - E-posta indirildi: assets\1938d218ce01e886.eml
2024-12-17 15:14:10,296 - INFO - Hesap 1 için işlemler başlatılıyor...
2024-12-17 15:14:14,103 - INFO - E-posta indirildi: assets\193c4cd7a4278c88.eml
2024-12-17 15:14:14,494 - INFO - E-posta indirildi: assets\193c4cd337dcec9a.eml
2024-12-17 15:14:14,913 - INFO - E-posta indirildi: assets\193c4cbd31a0003e.eml
2024-12-17 15:14:14,913 - INFO - Hesap 2 için işlemler başlatılıyor...
2024-12-17 15:14:16,782 - INFO - E-posta indirildi: assets\193c6f5c6f04e1b9.eml
2024-12-17 15:14:17,059 - INFO - E-posta indirildi: assets\19391c0ad51f0b91.eml
2024-12-17 15:14:17,308 - INFO - E-posta indirildi: assets\1938d218ce01e886.eml
2024-12-17 15:18:07,380 - INFO - Hesap 1 için işlemler başlatılıyor...
2024-12-17 15:18:44,610 - INFO - E-posta indirildi: assets\193c4cd7a4278c88.eml
2024-12-17 15:18:45,046 - INFO - E-posta indirildi: assets\193c4cd337dcec9a.eml
2024-12-17 15:18:45,339 - INFO - E-posta indirildi: assets\193c4cbd31a0003e.eml
2024-12-17 15:18:45,339 - INFO - Hesap 2 için işlemler başlatılıyor...
2024-12-17 15:18:47,206 - INFO - E-posta indirildi: assets\193c6f5c6f04e1b9.eml
2024-12-17 15:18:47,497 - INFO - E-posta indirildi: assets\19391c0ad51f0b91.eml
2024-12-17 15:18:47,861 - INFO - E-posta indirildi: assets\1938d218ce01e886.eml
2024-12-17 15:18:50,401 - INFO - Hesap 1 için işlemler başlatılıyor...
2024-12-17 15:18:52,389 - INFO - E-posta indirildi: assets\193c4cd7a4278c88.eml
2024-12-17 15:18:52,927 - INFO - E-posta indirildi: assets\193c4cd337dcec9a.eml
2024-12-17 15:18:53,474 - INFO - E-posta indirildi: assets\193c4cbd31a0003e.eml
2024-12-17 15:18:53,474 - INFO - Hesap 2 için işlemler başlatılıyor...
2024-12-17 15:18:55,618 - INFO - E-posta indirildi: assets\193c6f5c6f04e1b9.eml
2024-12-17 15:18:55,946 - INFO - E-posta indirildi: assets\19391c0ad51f0b91.eml
2024-12-17 15:18:56,336 - INFO - E-posta indirildi: assets\1938d218ce01e886.eml
2024-12-17 15:20:10,586 - INFO - Hesap 1 için işlemler başlatılıyor...
2024-12-17 15:20:14,054 - INFO - E-posta indirildi: assets\193c4cd7a4278c88.eml
2024-12-17 15:20:14,329 - INFO - E-posta indirildi: assets\193c4cd337dcec9a.eml
2024-12-17 15:20:14,620 - INFO - E-posta indirildi: assets\193c4cbd31a0003e.eml
2024-12-17 15:20:14,620 - INFO - Hesap 2 için işlemler başlatılıyor...
2024-12-17 15:20:15,753 - INFO - E-posta indirildi: assets\193c6f5c6f04e1b9.eml
2024-12-17 15:20:15,947 - INFO - E-posta indirildi: assets\19391c0ad51f0b91.eml
2024-12-17 15:20:16,105 - INFO - E-posta indirildi: assets\1938d218ce01e886.eml
2024-12-17 15:22:50,821 - INFO - Hesap 1 için işlemler başlatılıyor...
2024-12-17 15:23:10,598 - INFO - E-posta indirildi: assets\193c4cd7a4278c88.eml
2024-12-17 15:23:10,871 - INFO - E-posta indirildi: assets\193c4cd337dcec9a.eml
2024-12-17 15:23:11,175 - INFO - E-posta indirildi: assets\193c4cbd31a0003e.eml
2024-12-17 15:23:11,175 - INFO - Hesap 2 için işlemler başlatılıyor...
2024-12-17 15:23:12,241 - INFO - E-posta indirildi: assets\193c6f5c6f04e1b9.eml
2024-12-17 15:23:12,404 - INFO - E-posta indirildi: assets\19391c0ad51f0b91.eml
2024-12-17 15:23:12,573 - INFO - E-posta indirildi: assets\1938d218ce01e886.eml
2024-12-18 13:26:36,900 - INFO - Hesap 1 için işlemler başlatılıyor...
2024-12-18 13:26:38,528 - INFO - E-posta indirildi: assets\193c4cd7a4278c88.eml
2024-12-18 13:26:38,857 - INFO - E-posta indirildi: assets\193c4cd337dcec9a.eml
2024-12-18 13:26:39,146 - INFO - E-posta indirildi: assets\193c4cbd31a0003e.eml
2024-12-18 13:26:39,146 - INFO - Hesap 2 için işlemler başlatılıyor...
2024-12-18 13:26:40,501 - INFO - E-posta indirildi: assets\193c6f5c6f04e1b9.eml
2024-12-18 13:26:40,709 - INFO - E-posta indirildi: assets\19391c0ad51f0b91.eml
2024-12-18 13:26:40,883 - INFO - E-posta indirildi: assets\1938d218ce01e886.eml
2024-12-18 13:27:09,003 - INFO - Hesap 1 için işlemler başlatılıyor...
2024-12-18 13:27:12,423 - INFO - E-posta indirildi: assets\193c4cd7a4278c88.eml
2024-12-18 13:27:12,707 - INFO - E-posta indirildi: assets\193c4cd337dcec9a.eml
2024-12-18 13:27:12,975 - INFO - E-posta indirildi: assets\193c4cbd31a0003e.eml
2024-12-18 13:27:12,976 - INFO - Hesap 2 için işlemler başlatılıyor...
2024-12-18 13:27:14,177 - INFO - E-posta indirildi: assets\193c6f5c6f04e1b9.eml
2024-12-18 13:27:14,369 - INFO - E-posta indirildi: assets\19391c0ad51f0b91.eml
2024-12-18 13:27:14,517 - INFO - E-posta indirildi: assets\1938d218ce01e886.eml
2024-12-18 13:40:30,469 - INFO - Hesap 1 için işlemler başlatılıyor...
2024-12-18 13:40:34,438 - INFO - E-posta indirildi: assets\193c4cd7a4278c88.eml
2024-12-18 13:40:34,763 - INFO - E-posta indirildi: assets\193c4cd337dcec9a.eml
2024-12-18 13:40:35,067 - INFO - E-posta indirildi: assets\193c4cbd31a0003e.eml
2024-12-18 13:40:35,067 - INFO - Hesap 2 için işlemler başlatılıyor...
2024-12-18 13:40:36,448 - INFO - E-posta indirildi: assets\193c6f5c6f04e1b9.eml
2024-12-18 13:40:36,644 - INFO - E-posta indirildi: assets\19391c0ad51f0b91.eml
2024-12-18 13:40:36,805 - INFO - E-posta indirildi: assets\1938d218ce01e886.eml
2024-12-18 13:41:38,299 - INFO - Hesap 1 için işlemler başlatılıyor...
2024-12-18 13:41:41,674 - INFO - E-posta indirildi: assets\193c4cd7a4278c88.eml
2024-12-18 13:41:41,961 - INFO - E-posta indirildi: assets\193c4cd337dcec9a.eml
2024-12-18 13:41:42,243 - INFO - E-posta indirildi: assets\193c4cbd31a0003e.eml
2024-12-18 13:41:42,243 - INFO - Hesap 2 için işlemler başlatılıyor...
2024-12-18 13:41:43,312 - INFO - E-posta indirildi: assets\193c6f5c6f04e1b9.eml
2024-12-18 13:41:43,464 - INFO - E-posta indirildi: assets\19391c0ad51f0b91.eml
2024-12-18 13:41:43,615 - INFO - E-posta indirildi: assets\1938d218ce01e886.eml
2024-12-18 13:48:38,897 - INFO - Hesap 1 için işlemler başlatılıyor...
2024-12-18 13:48:44,318 - INFO - E-posta indirildi: assets\193c4cd7a4278c88.eml
2024-12-18 13:48:44,622 - INFO - E-posta indirildi: assets\193c4cd337dcec9a.eml
2024-12-18 13:48:44,920 - INFO - E-posta indirildi: assets\193c4cbd31a0003e.eml
2024-12-18 13:48:44,921 - INFO - Hesap 2 için işlemler başlatılıyor...
2024-12-18 13:48:46,274 - INFO - E-posta indirildi: assets\193c6f5c6f04e1b9.eml
2024-12-18 13:48:46,434 - INFO - E-posta indirildi: assets\19391c0ad51f0b91.eml
2024-12-18 13:48:46,581 - INFO - E-posta indirildi: assets\1938d218ce01e886.eml
2024-12-18 14:57:25,410 - INFO - Hesap 1 için işlemler başlatılıyor...
2024-12-18 14:57:40,243 - INFO - E-posta indirildi: assets\193c4cd7a4278c88.eml
2024-12-18 14:57:40,536 - INFO - E-posta indirildi: assets\193c4cd337dcec9a.eml
2024-12-18 14:57:40,817 - INFO - E-posta indirildi: assets\193c4cbd31a0003e.eml
2024-12-18 14:57:40,817 - INFO - Hesap 2 için işlemler başlatılıyor...
2024-12-18 14:57:42,162 - INFO - E-posta indirildi: assets\193c6f5c6f04e1b9.eml
2024-12-18 14:57:42,340 - INFO - E-posta indirildi: assets\19391c0ad51f0b91.eml
2024-12-18 14:57:42,510 - INFO - E-posta indirildi: assets\1938d218ce01e886.eml
2024-12-18 15:04:59,838 - INFO - Hesap 1 için işlemler başlatılıyor...
2024-12-18 15:05:14,231 - ERROR - Gönderilen e-postalar listelenirken bir hata oluştu: Unable to find the server at gmail.googleapis.com
2024-12-18 15:05:14,231 - INFO - Hesap 1 için gönderilen kutusunda hiç e-posta bulunamadı.
2024-12-18 15:05:14,232 - INFO - Hesap 2 için işlemler başlatılıyor...
2024-12-18 15:05:26,487 - ERROR - Gönderilen e-postalar listelenirken bir hata oluştu: Unable to find the server at gmail.googleapis.com
2024-12-18 15:05:26,487 - INFO - Hesap 2 için gönderilen kutusunda hiç e-posta bulunamadı.
2024-12-18 15:07:29,699 - INFO - Hesap 1 için işlemler başlatılıyor...
2024-12-18 15:07:36,815 - INFO - E-posta indirildi: assets\193c4cd7a4278c88.eml
2024-12-18 15:07:37,111 - INFO - E-posta indirildi: assets\193c4cd337dcec9a.eml
2024-12-18 15:07:37,407 - INFO - E-posta indirildi: assets\193c4cbd31a0003e.eml
2024-12-18 15:07:37,408 - INFO - Hesap 2 için işlemler başlatılıyor...
2024-12-18 15:07:38,659 - INFO - E-posta indirildi: assets\193c6f5c6f04e1b9.eml
2024-12-18 15:07:38,828 - INFO - E-posta indirildi: assets\19391c0ad51f0b91.eml
2024-12-18 15:07:38,985 - INFO - E-posta indirildi: assets\1938d218ce01e886.eml
